<?xml version="1.0" encoding="UTF-8"?>
<!-- Generated by org.testng.reporters.JUnitXMLReporter -->
<testsuite hostname="john-PC" ignored="0" tests="8" failures="0" timestamp="20 十二月 2017 09:28:39 GMT" time="0.039" errors="0">
  <testcase name="tt_add" time="0.009" classname="TestCalculator"/>
  <testcase name="tt_add" time="0.0" classname="TestCalculator"/>
  <testcase name="tt_add" time="0.0" classname="TestCalculator"/>
  <testcase name="tt_add" time="0.0" classname="TestCalculator"/>
  <testcase name="tt_add" time="0.001" classname="TestCalculator"/>
  <testcase name="tt_sub" time="0.001" classname="TestCalculator"/>
  <testcase name="tt_sub" time="0.0" classname="TestCalculator"/>
  <testcase name="tt_sub" time="0.0" classname="TestCalculator"/>
</testsuite>
