<?xml version="1.0" encoding="UTF-8" ?>
<testsuite tests="8" failures="0" name="TestSuite" time="0.478" errors="0" skipped="0">
  <properties>
[...]
</properties>
  <testcase classname="TestCalculator" name="tt_add" time="0.007"/>
  <testcase classname="TestCalculator" name="tt_add" time="0"/>
  <testcase classname="TestCalculator" name="tt_add" time="0"/>
  <testcase classname="TestCalculator" name="tt_add" time="0"/>
  <testcase classname="TestCalculator" name="tt_add" time="0"/>
  <testcase classname="TestCalculator" name="tt_sub" time="0"/>
  <testcase classname="TestCalculator" name="tt_sub" time="0"/>
  <testcase classname="TestCalculator" name="tt_sub" time="0"/>
</testsuite>