<?xml version="1.0" encoding="UTF-8"?>
<testng-results skipped="0" failed="0" ignored="0" total="8" passed="8">
  <reporter-output>
  </reporter-output>
  <suite name="TestAll" duration-ms="39" started-at="2017-12-20T09:28:39Z" finished-at="2017-12-20T09:28:39Z">
    <groups>
    </groups>
    <test name="case1" duration-ms="39" started-at="2017-12-20T09:28:39Z" finished-at="2017-12-20T09:28:39Z">
      <class name="TestCalculator">
        <test-method status="PASS" signature="tt_add()[pri:0, instance:TestCalculator@3ac42916]" name="tt_add" duration-ms="9" started-at="2017-12-20T17:28:39Z" finished-at="2017-12-20T17:28:39Z">
          <reporter-output>
          </reporter-output>
        </test-method> <!-- tt_add -->
        <test-method status="PASS" signature="tt_add()[pri:0, instance:TestCalculator@3ac42916]" name="tt_add" duration-ms="0" started-at="2017-12-20T17:28:39Z" finished-at="2017-12-20T17:28:39Z">
          <reporter-output>
          </reporter-output>
        </test-method> <!-- tt_add -->
        <test-method status="PASS" signature="tt_add()[pri:0, instance:TestCalculator@3ac42916]" name="tt_add" duration-ms="0" started-at="2017-12-20T17:28:39Z" finished-at="2017-12-20T17:28:39Z">
          <reporter-output>
          </reporter-output>
        </test-method> <!-- tt_add -->
        <test-method status="PASS" signature="tt_add()[pri:0, instance:TestCalculator@3ac42916]" name="tt_add" duration-ms="1" started-at="2017-12-20T17:28:39Z" finished-at="2017-12-20T17:28:39Z">
          <reporter-output>
          </reporter-output>
        </test-method> <!-- tt_add -->
        <test-method status="PASS" signature="tt_add()[pri:0, instance:TestCalculator@3ac42916]" name="tt_add" duration-ms="0" started-at="2017-12-20T17:28:39Z" finished-at="2017-12-20T17:28:39Z">
          <reporter-output>
          </reporter-output>
        </test-method> <!-- tt_add -->
        <test-method status="PASS" signature="tt_sub(int, int, int)[pri:0, instance:TestCalculator@3ac42916]" name="tt_sub" duration-ms="1" started-at="2017-12-20T17:28:39Z" data-provider="sub_data" finished-at="2017-12-20T17:28:39Z">
          <params>
            <param index="0">
              <value>
                <![CDATA[5]]>
              </value>
            </param>
            <param index="1">
              <value>
                <![CDATA[0]]>
              </value>
            </param>
            <param index="2">
              <value>
                <![CDATA[5]]>
              </value>
            </param>
          </params>
          <reporter-output>
          </reporter-output>
        </test-method> <!-- tt_sub -->
        <test-method status="PASS" signature="tt_sub(int, int, int)[pri:0, instance:TestCalculator@3ac42916]" name="tt_sub" duration-ms="0" started-at="2017-12-20T17:28:39Z" data-provider="sub_data" finished-at="2017-12-20T17:28:39Z">
          <params>
            <param index="0">
              <value>
                <![CDATA[0]]>
              </value>
            </param>
            <param index="1">
              <value>
                <![CDATA[3]]>
              </value>
            </param>
            <param index="2">
              <value>
                <![CDATA[-3]]>
              </value>
            </param>
          </params>
          <reporter-output>
          </reporter-output>
        </test-method> <!-- tt_sub -->
        <test-method status="PASS" signature="tt_sub(int, int, int)[pri:0, instance:TestCalculator@3ac42916]" name="tt_sub" duration-ms="0" started-at="2017-12-20T17:28:39Z" data-provider="sub_data" finished-at="2017-12-20T17:28:39Z">
          <params>
            <param index="0">
              <value>
                <![CDATA[-2]]>
              </value>
            </param>
            <param index="1">
              <value>
                <![CDATA[-4]]>
              </value>
            </param>
            <param index="2">
              <value>
                <![CDATA[2]]>
              </value>
            </param>
          </params>
          <reporter-output>
          </reporter-output>
        </test-method> <!-- tt_sub -->
      </class> <!-- TestCalculator -->
    </test> <!-- case1 -->
  </suite> <!-- TestAll -->
</testng-results>
